<?xml version="1.0" encoding="UTF-8"?>
<testsuite name="Regression"
           tests="5"
           failures="0"
           errors="0"
           skipped="0"
           time="136.419">
  <properties />
  
  
            <testcase name="updateCart" time="27.937" classname="Tests.ShoppingCart" />
                <testcase name="FreeShipping" time="34.840" classname="Tests.ShoppingCart" />
                <testcase name="addMultipleProducts" time="21.320" classname="Tests.ShoppingCart" />
                <testcase name="IncreaseQuantity" time="25.788" classname="Tests.ShoppingCart" />
                <testcase name="deleteOneProd" time="26.534" classname="Tests.ShoppingCart" />
      
</testsuite>
